{"numTotalTestSuites":16,"numPassedTestSuites":10,"numFailedTestSuites":6,"numPendingTestSuites":0,"numTotalTests":47,"numPassedTests":43,"numFailedTests":4,"numPendingTests":0,"numTodoTests":0,"snapshot":{"added":0,"failure":false,"filesAdded":0,"filesRemoved":0,"filesRemovedList":[],"filesUnmatched":0,"filesUpdated":0,"matched":0,"total":0,"unchecked":0,"uncheckedKeysByFile":[],"unmatched":0,"updated":0,"didUpdate":false},"startTime":1774090679064,"success":false,"testResults":[{"assertionResults":[{"ancestorTitles":["Suite 1 Hydration always completes"],"fullName":"Suite 1 Hydration always completes Test 1.1 — Hydration completes when INITIAL_SESSION fires with valid session","status":"passed","title":"Test 1.1 — Hydration completes when INITIAL_SESSION fires with valid session","duration":49.1078,"failureMessages":[],"meta":{}},{"ancestorTitles":["Suite 1 Hydration always completes"],"fullName":"Suite 1 Hydration always completes Test 1.2 — Hydration completes when INITIAL_SESSION fires with null session","status":"passed","title":"Test 1.2 — Hydration completes when INITIAL_SESSION fires with null session","duration":11.950600000000122,"failureMessages":[],"meta":{}},{"ancestorTitles":["Suite 1 Hydration always completes"],"fullName":"Suite 1 Hydration always completes Test 1.3 — Hydration completes when profile fetch fails","status":"passed","title":"Test 1.3 — Hydration completes when profile fetch fails","duration":15.540700000000015,"failureMessages":[],"meta":{}},{"ancestorTitles":["Suite 1 Hydration always completes"],"fullName":"Suite 1 Hydration always completes Test 1.4 — Hydration completes when network is completely offline","status":"passed","title":"Test 1.4 — Hydration completes when network is completely offline","duration":8.596900000000005,"failureMessages":[],"meta":{}},{"ancestorTitles":["Suite 1 Hydration always completes"],"fullName":"Suite 1 Hydration always completes Test 1.5 — Hydration timeout fires after exactly 10 seconds","status":"passed","title":"Test 1.5 — Hydration timeout fires after exactly 10 seconds","duration":5.564599999999928,"failureMessages":[],"meta":{}},{"ancestorTitles":["Suite 1 Hydration always completes"],"fullName":"Suite 1 Hydration always completes Test 1.6 — Hydration completes on SIGNED_OUT event","status":"passed","title":"Test 1.6 — Hydration completes on SIGNED_OUT event","duration":4.3840000000000146,"failureMessages":[],"meta":{}}],"startTime":1774090695820,"endTime":1774090695915.384,"status":"passed","message":"","name":"C:/Personal Projects/HitechSoftware/web/tests/auth/hydration.test.ts"},{"assertionResults":[{"ancestorTitles":["Suite 4 Permission system"],"fullName":"Suite 4 Permission system Test 4.1 — Super admin can access all permissions","status":"passed","title":"Test 4.1 — Super admin can access all permissions","duration":1.9320999999999913,"failureMessages":[],"meta":{}},{"ancestorTitles":["Suite 4 Permission system"],"fullName":"Suite 4 Permission system Test 4.2 — Technician cannot access admin permissions","status":"passed","title":"Test 4.2 — Technician cannot access admin permissions","duration":0.27890000000002146,"failureMessages":[],"meta":{}},{"ancestorTitles":["Suite 4 Permission system"],"fullName":"Suite 4 Permission system Test 4.3 — Office staff cannot access restricted permissions","status":"passed","title":"Test 4.3 — Office staff cannot access restricted permissions","duration":0.16030000000000655,"failureMessages":[],"meta":{}},{"ancestorTitles":["Suite 4 Permission system"],"fullName":"Suite 4 Permission system Test 4.4 — Stock manager limited to inventory permissions","status":"passed","title":"Test 4.4 — Stock manager limited to inventory permissions","duration":0.12220000000002074,"failureMessages":[],"meta":{}},{"ancestorTitles":["Suite 4 Permission system"],"fullName":"Suite 4 Permission system Test 4.5 — ProtectedComponent renders children when permission granted","status":"passed","title":"Test 4.5 — ProtectedComponent renders children when permission granted","duration":26.037900000000036,"failureMessages":[],"meta":{}},{"ancestorTitles":["Suite 4 Permission system"],"fullName":"Suite 4 Permission system Test 4.6 — ProtectedComponent renders fallback when permission denied","status":"passed","title":"Test 4.6 — ProtectedComponent renders fallback when permission denied","duration":2.6176000000000386,"failureMessages":[],"meta":{}},{"ancestorTitles":["Suite 4 Permission system"],"fullName":"Suite 4 Permission system Test 4.7 — ProtectedComponent renders nothing when no fallback and permission denied","status":"passed","title":"Test 4.7 — ProtectedComponent renders nothing when no fallback and permission denied","duration":2.2497000000000753,"failureMessages":[],"meta":{}}],"startTime":1774090697875,"endTime":1774090697908.2498,"status":"passed","message":"","name":"C:/Personal Projects/HitechSoftware/web/tests/auth/permissions.test.ts"},{"assertionResults":[{"ancestorTitles":["Suite 2 Route protection works correctly"],"fullName":"Suite 2 Route protection works correctly Test 2.1 — Unauthenticated user visiting dashboard redirects to login","status":"passed","title":"Test 2.1 — Unauthenticated user visiting dashboard redirects to login","duration":33.66580000000022,"failureMessages":[],"meta":{}},{"ancestorTitles":["Suite 2 Route protection works correctly"],"fullName":"Suite 2 Route protection works correctly Test 2.2 — Authenticated user visiting login page redirects to dashboard","status":"passed","title":"Test 2.2 — Authenticated user visiting login page redirects to dashboard","duration":32.35039999999981,"failureMessages":[],"meta":{}},{"ancestorTitles":["Suite 2 Route protection works correctly"],"fullName":"Suite 2 Route protection works correctly Test 2.3 — Super admin redirects to main dashboard","status":"passed","title":"Test 2.3 — Super admin redirects to main dashboard","duration":21.784099999999853,"failureMessages":[],"meta":{}},{"ancestorTitles":["Suite 2 Route protection works correctly"],"fullName":"Suite 2 Route protection works correctly Test 2.4 — Office staff redirects to subjects page","status":"passed","title":"Test 2.4 — Office staff redirects to subjects page","duration":12.406100000000151,"failureMessages":[],"meta":{}},{"ancestorTitles":["Suite 2 Route protection works correctly"],"fullName":"Suite 2 Route protection works correctly Test 2.5 — Stock manager redirects to inventory page","status":"passed","title":"Test 2.5 — Stock manager redirects to inventory page","duration":14.346300000000156,"failureMessages":[],"meta":{}},{"ancestorTitles":["Suite 2 Route protection works correctly"],"fullName":"Suite 2 Route protection works correctly Test 2.6 — Technician redirects to dashboard","status":"passed","title":"Test 2.6 — Technician redirects to dashboard","duration":12.990199999999732,"failureMessages":[],"meta":{}},{"ancestorTitles":["Suite 2 Route protection works correctly"],"fullName":"Suite 2 Route protection works correctly Test 2.7 — Loading state shows spinner not content","status":"passed","title":"Test 2.7 — Loading state shows spinner not content","duration":75.75980000000027,"failureMessages":[],"meta":{}},{"ancestorTitles":["Suite 2 Route protection works correctly"],"fullName":"Suite 2 Route protection works correctly Test 2.8 — After hydration completes authenticated user sees dashboard","status":"passed","title":"Test 2.8 — After hydration completes authenticated user sees dashboard","duration":23.522899999999936,"failureMessages":[],"meta":{}}],"startTime":1774090691007,"endTime":1774090691233.523,"status":"passed","message":"","name":"C:/Personal Projects/HitechSoftware/web/tests/auth/routing.test.ts"},{"assertionResults":[{"ancestorTitles":["Suite 3 Session handling"],"fullName":"Suite 3 Session handling Test 3.1 — Session persists across simulated page refresh","status":"passed","title":"Test 3.1 — Session persists across simulated page refresh","duration":1.5525000000002365,"failureMessages":[],"meta":{}},{"ancestorTitles":["Suite 3 Session handling"],"fullName":"Suite 3 Session handling Test 3.2 — Expired session triggers re-authentication","status":"passed","title":"Test 3.2 — Expired session triggers re-authentication","duration":17.56809999999996,"failureMessages":[],"meta":{}},{"ancestorTitles":["Suite 3 Session handling"],"fullName":"Suite 3 Session handling Test 3.3 — Token refresh success keeps user logged in","status":"passed","title":"Test 3.3 — Token refresh success keeps user logged in","duration":5.54509999999982,"failureMessages":[],"meta":{}},{"ancestorTitles":["Suite 3 Session handling"],"fullName":"Suite 3 Session handling Test 3.4 — Concurrent session events handled correctly","status":"passed","title":"Test 3.4 — Concurrent session events handled correctly","duration":3.2359999999998763,"failureMessages":[],"meta":{}},{"ancestorTitles":["Suite 3 Session handling"],"fullName":"Suite 3 Session handling Test 3.5 — Auth error boundary catches render errors","status":"passed","title":"Test 3.5 — Auth error boundary catches render errors","duration":157.7416000000003,"failureMessages":[],"meta":{}}],"startTime":1774090693694,"endTime":1774090693880.7417,"status":"passed","message":"","name":"C:/Personal Projects/HitechSoftware/web/tests/auth/session.test.ts"},{"assertionResults":[{"ancestorTitles":["Suite 8 API route performance"],"fullName":"Suite 8 API route performance Test 8.1 — Workflow API rejects invalid status transition with 400","status":"passed","title":"Test 8.1 — Workflow API rejects invalid status transition with 400","duration":10.801800000000185,"failureMessages":[],"meta":{}},{"ancestorTitles":["Suite 8 API route performance"],"fullName":"Suite 8 API route performance Test 8.2 — Workflow API rejects wrong technician with 403","status":"passed","title":"Test 8.2 — Workflow API rejects wrong technician with 403","duration":2.688000000000102,"failureMessages":[],"meta":{}},{"ancestorTitles":["Suite 8 API route performance"],"fullName":"Suite 8 API route performance Test 8.3 — Workflow API handles uppercase status values","status":"passed","title":"Test 8.3 — Workflow API handles uppercase status values","duration":2.951599999999871,"failureMessages":[],"meta":{}},{"ancestorTitles":["Suite 8 API route performance"],"fullName":"Suite 8 API route performance Test 8.4 — Attendance toggle API is idempotent for same direction","status":"passed","title":"Test 8.4 — Attendance toggle API is idempotent for same direction","duration":1.9056000000000495,"failureMessages":[],"meta":{}},{"ancestorTitles":["Suite 8 API route performance"],"fullName":"Suite 8 API route performance Test 8.5 — Bill generation API prevents duplicate bills","status":"passed","title":"Test 8.5 — Bill generation API prevents duplicate bills","duration":3.085499999999911,"failureMessages":[],"meta":{}},{"ancestorTitles":["Suite 8 API route performance"],"fullName":"Suite 8 API route performance Test 8.6 — All API routes return consistent error format","status":"failed","title":"Test 8.6 — All API routes return consistent error format","duration":11.239799999999832,"failureMessages":["AssertionError: expected { ok: false, error: { …(4) } } to match object { success: false, …(2) }\n(5 matching properties omitted from actual)\n    at Proxy.<anonymous> (file:///C:/Personal%20Projects/HitechSoftware/node_modules/@vitest/expect/dist/index.js:1155:10)\n    at Proxy.<anonymous> (file:///C:/Personal%20Projects/HitechSoftware/node_modules/@vitest/expect/dist/index.js:1029:14)\n    at Proxy.methodWrapper (file:///C:/Personal%20Projects/HitechSoftware/node_modules/chai/index.js:1686:25)\n    at C:\\Personal Projects\\HitechSoftware\\web\\tests\\performance\\api.test.ts:222:23\n    at processTicksAndRejections (node:internal/process/task_queues:103:5)\n    at file:///C:/Personal%20Projects/HitechSoftware/node_modules/@vitest/runner/dist/chunk-hooks.js:752:20"],"meta":{}}],"startTime":1774090683891,"endTime":1774090683924.2397,"status":"failed","message":"","name":"C:/Personal Projects/HitechSoftware/web/tests/performance/api.test.ts"},{"assertionResults":[{"ancestorTitles":["Suite 6 Database query performance"],"fullName":"Suite 6 Database query performance Test 6.1 — Subject list query completes within acceptable time","status":"passed","title":"Test 6.1 — Subject list query completes within acceptable time","duration":2.230399999999918,"failureMessages":[],"meta":{}},{"ancestorTitles":["Suite 6 Database query performance"],"fullName":"Suite 6 Database query performance Test 6.2 — Customer phone lookup uses index-friendly filter","status":"passed","title":"Test 6.2 — Customer phone lookup uses index-friendly filter","duration":1.022899999999936,"failureMessages":[],"meta":{}},{"ancestorTitles":["Suite 6 Database query performance"],"fullName":"Suite 6 Database query performance Test 6.3 — Technician subject list does not fetch all subjects","status":"failed","title":"Test 6.3 — Technician subject list does not fetch all subjects","duration":8.613200000000234,"failureMessages":["AssertionError: expected [ { method: 'select', …(1) }, …(4) ] to deep equally contain { method: 'eq', args: [ …(2) ] }\n    at C:\\Personal Projects\\HitechSoftware\\web\\tests\\performance\\database.test.ts:101:24\n    at processTicksAndRejections (node:internal/process/task_queues:103:5)\n    at file:///C:/Personal%20Projects/HitechSoftware/node_modules/@vitest/runner/dist/chunk-hooks.js:752:20"],"meta":{}},{"ancestorTitles":["Suite 6 Database query performance"],"fullName":"Suite 6 Database query performance Test 6.4 — Pagination returns correct page size","status":"passed","title":"Test 6.4 — Pagination returns correct page size","duration":0.6666000000000167,"failureMessages":[],"meta":{}},{"ancestorTitles":["Suite 6 Database query performance"],"fullName":"Suite 6 Database query performance Test 6.5 — Search query uses correct filter operators","status":"passed","title":"Test 6.5 — Search query uses correct filter operators","duration":0.38360000000011496,"failureMessages":[],"meta":{}}],"startTime":1774090686462,"endTime":1774090686474.6665,"status":"failed","message":"","name":"C:/Personal Projects/HitechSoftware/web/tests/performance/database.test.ts"},{"assertionResults":[{"ancestorTitles":["Suite 5 TanStack Query performance"],"fullName":"Suite 5 TanStack Query performance Test 5.1 — Subject list query uses cached data on second call","status":"passed","title":"Test 5.1 — Subject list query uses cached data on second call","duration":101.01739999999995,"failureMessages":[],"meta":{}},{"ancestorTitles":["Suite 5 TanStack Query performance"],"fullName":"Suite 5 TanStack Query performance Test 5.2 — Subject list invalidates correctly after status update","status":"passed","title":"Test 5.2 — Subject list invalidates correctly after status update","duration":18.692800000000034,"failureMessages":[],"meta":{}},{"ancestorTitles":["Suite 5 TanStack Query performance"],"fullName":"Suite 5 TanStack Query performance Test 5.3 — Prefetch on hover reduces detail page load time","status":"passed","title":"Test 5.3 — Prefetch on hover reduces detail page load time","duration":20.44990000000007,"failureMessages":[],"meta":{}},{"ancestorTitles":["Suite 5 TanStack Query performance"],"fullName":"Suite 5 TanStack Query performance Test 5.4 — Parallel queries in detail page fire simultaneously","status":"passed","title":"Test 5.4 — Parallel queries in detail page fire simultaneously","duration":27.284799999999677,"failureMessages":[],"meta":{}},{"ancestorTitles":["Suite 5 TanStack Query performance"],"fullName":"Suite 5 TanStack Query performance Test 5.5 — Photo upload does not block UI thread","status":"passed","title":"Test 5.5 — Photo upload does not block UI thread","duration":70.86490000000003,"failureMessages":[],"meta":{}}],"startTime":1774090688425,"endTime":1774090688663.865,"status":"passed","message":"","name":"C:/Personal Projects/HitechSoftware/web/tests/performance/query.test.ts"},{"assertionResults":[{"ancestorTitles":["Suite 7 React rendering performance"],"fullName":"Suite 7 React rendering performance Test 7.1 — Subject list does not re-render on unrelated state change","status":"passed","title":"Test 7.1 — Subject list does not re-render on unrelated state change","duration":74.18759999999975,"failureMessages":[],"meta":{}},{"ancestorTitles":["Suite 7 React rendering performance"],"fullName":"Suite 7 React rendering performance Test 7.2 — Loading skeleton shows immediately on navigation","status":"passed","title":"Test 7.2 — Loading skeleton shows immediately on navigation","duration":15.778999999999996,"failureMessages":[],"meta":{}},{"ancestorTitles":["Suite 7 React rendering performance"],"fullName":"Suite 7 React rendering performance Test 7.3 — Status badge component is memoized","status":"failed","title":"Test 7.3 — Status badge component is memoized","duration":59.74229999999989,"failureMessages":["AssertionError: expected 200 to be 100 // Object.is equality\n    at C:\\Personal Projects\\HitechSoftware\\web\\tests\\performance\\rendering.test.ts:123:25\n    at file:///C:/Personal%20Projects/HitechSoftware/node_modules/@vitest/runner/dist/chunk-hooks.js:155:11\n    at file:///C:/Personal%20Projects/HitechSoftware/node_modules/@vitest/runner/dist/chunk-hooks.js:752:26\n    at file:///C:/Personal%20Projects/HitechSoftware/node_modules/@vitest/runner/dist/chunk-hooks.js:1897:20\n    at new Promise (<anonymous>)\n    at runWithTimeout (file:///C:/Personal%20Projects/HitechSoftware/node_modules/@vitest/runner/dist/chunk-hooks.js:1863:10)\n    at runTest (file:///C:/Personal%20Projects/HitechSoftware/node_modules/@vitest/runner/dist/chunk-hooks.js:1574:12)\n    at runSuite (file:///C:/Personal%20Projects/HitechSoftware/node_modules/@vitest/runner/dist/chunk-hooks.js:1729:8)\n    at runSuite (file:///C:/Personal%20Projects/HitechSoftware/node_modules/@vitest/runner/dist/chunk-hooks.js:1729:8)\n    at runFiles (file:///C:/Personal%20Projects/HitechSoftware/node_modules/@vitest/runner/dist/chunk-hooks.js:1787:3)"],"meta":{}},{"ancestorTitles":["Suite 7 React rendering performance"],"fullName":"Suite 7 React rendering performance Test 7.4 — Filter changes debounce search queries","status":"passed","title":"Test 7.4 — Filter changes debounce search queries","duration":13.89280000000008,"failureMessages":[],"meta":{}},{"ancestorTitles":["Suite 7 React rendering performance"],"fullName":"Suite 7 React rendering performance Test 7.5 — Photo gallery does not load all images simultaneously","status":"failed","title":"Test 7.5 — Photo gallery does not load all images simultaneously","duration":36.1583999999998,"failureMessages":["AssertionError: expected false to be true // Object.is equality\n    at C:\\Personal Projects\\HitechSoftware\\web\\tests\\performance\\rendering.test.ts:175:79\n    at file:///C:/Personal%20Projects/HitechSoftware/node_modules/@vitest/runner/dist/chunk-hooks.js:155:11\n    at file:///C:/Personal%20Projects/HitechSoftware/node_modules/@vitest/runner/dist/chunk-hooks.js:752:26\n    at file:///C:/Personal%20Projects/HitechSoftware/node_modules/@vitest/runner/dist/chunk-hooks.js:1897:20\n    at new Promise (<anonymous>)\n    at runWithTimeout (file:///C:/Personal%20Projects/HitechSoftware/node_modules/@vitest/runner/dist/chunk-hooks.js:1863:10)\n    at runTest (file:///C:/Personal%20Projects/HitechSoftware/node_modules/@vitest/runner/dist/chunk-hooks.js:1574:12)\n    at runSuite (file:///C:/Personal%20Projects/HitechSoftware/node_modules/@vitest/runner/dist/chunk-hooks.js:1729:8)\n    at runSuite (file:///C:/Personal%20Projects/HitechSoftware/node_modules/@vitest/runner/dist/chunk-hooks.js:1729:8)\n    at runFiles (file:///C:/Personal%20Projects/HitechSoftware/node_modules/@vitest/runner/dist/chunk-hooks.js:1787:3)"],"meta":{}}],"startTime":1774090681701,"endTime":1774090681900.1584,"status":"failed","message":"","name":"C:/Personal Projects/HitechSoftware/web/tests/performance/rendering.test.ts"}]}